<?xml version="1.0" encoding="UTF-8"?>
<testng-results ignored="0" total="1" passed="1" failed="0" skipped="0">
  <reporter-output>
  </reporter-output>
  <suite started-at="2022-03-23T14:40:32 IST" name="Default suite" finished-at="2022-03-23T14:41:15 IST" duration-ms="42666">
    <groups>
    </groups>
    <test started-at="2022-03-23T14:40:32 IST" name="Default test" finished-at="2022-03-23T14:41:15 IST" duration-ms="42666">
      <class name="com.crm.vtiger.practice.ParametersTest">
        <test-method signature="getData()[pri:0, instance:com.crm.vtiger.practice.ParametersTest@550ee7e5]" started-at="2022-03-23T14:40:32 IST" name="getData" finished-at="2022-03-23T14:41:15 IST" duration-ms="42620" status="PASS">
          <reporter-output>
          </reporter-output>
        </test-method> <!-- getData -->
      </class> <!-- com.crm.vtiger.practice.ParametersTest -->
    </test> <!-- Default test -->
  </suite> <!-- Default suite -->
</testng-results>
